<?xml version="1.0" encoding="UTF-8"?>
<testsuite xmlns:xsi="http://www.w3.org/2001/XMLSchema-instance" xsi:noNamespaceSchemaLocation="https://maven.apache.org/surefire/maven-surefire-plugin/xsd/surefire-test-report.xsd" name="com.example.springbootsba.SpringbootSbaApplicationTests" time="8.167" tests="1" errors="0" skipped="0" failures="0">
  <properties>
    <property name="java.specification.version" value="17"/>
    <property name="sun.jnu.encoding" value="UTF-8"/>
    <property name="java.class.path" value="/home/bonga/projects/springboot-sba/target/test-classes:/home/bonga/projects/springboot-sba/target/classes:/home/bonga/.m2/repository/org/springframework/boot/spring-boot-starter-actuator/3.0.2-SNAPSHOT/spring-boot-starter-actuator-3.0.2-SNAPSHOT.jar:/home/bonga/.m2/repository/org/springframework/boot/spring-boot-starter/3.0.2-SNAPSHOT/spring-boot-starter-3.0.2-SNAPSHOT.jar:/home/bonga/.m2/repository/org/springframework/boot/spring-boot/3.0.2-SNAPSHOT/spring-boot-3.0.2-SNAPSHOT.jar:/home/bonga/.m2/repository/org/springframework/boot/spring-boot-autoconfigure/3.0.2-SNAPSHOT/spring-boot-autoconfigure-3.0.2-SNAPSHOT.jar:/home/bonga/.m2/repository/org/springframework/boot/spring-boot-starter-logging/3.0.2-SNAPSHOT/spring-boot-starter-logging-3.0.2-SNAPSHOT.jar:/home/bonga/.m2/repository/ch/qos/logback/logback-classic/1.4.5/logback-classic-1.4.5.jar:/home/bonga/.m2/repository/ch/qos/logback/logback-core/1.4.5/logback-core-1.4.5.jar:/home/bonga/.m2/repository/org/apache/logging/log4j/log4j-to-slf4j/2.19.0/log4j-to-slf4j-2.19.0.jar:/home/bonga/.m2/repository/org/apache/logging/log4j/log4j-api/2.19.0/log4j-api-2.19.0.jar:/home/bonga/.m2/repository/org/slf4j/jul-to-slf4j/2.0.6/jul-to-slf4j-2.0.6.jar:/home/bonga/.m2/repository/jakarta/annotation/jakarta.annotation-api/2.1.1/jakarta.annotation-api-2.1.1.jar:/home/bonga/.m2/repository/org/yaml/snakeyaml/1.33/snakeyaml-1.33.jar:/home/bonga/.m2/repository/org/springframework/boot/spring-boot-actuator-autoconfigure/3.0.2-SNAPSHOT/spring-boot-actuator-autoconfigure-3.0.2-SNAPSHOT.jar:/home/bonga/.m2/repository/org/springframework/boot/spring-boot-actuator/3.0.2-SNAPSHOT/spring-boot-actuator-3.0.2-SNAPSHOT.jar:/home/bonga/.m2/repository/com/fasterxml/jackson/core/jackson-databind/2.14.1/jackson-databind-2.14.1.jar:/home/bonga/.m2/repository/com/fasterxml/jackson/core/jackson-annotations/2.14.1/jackson-annotations-2.14.1.jar:/home/bonga/.m2/repository/com/fasterxml/jackson/core/jackson-core/2.14.1/jackson-core-2.14.1.jar:/home/bonga/.m2/repository/com/fasterxml/jackson/datatype/jackson-datatype-jsr310/2.14.1/jackson-datatype-jsr310-2.14.1.jar:/home/bonga/.m2/repository/io/micrometer/micrometer-observation/1.10.2/micrometer-observation-1.10.2.jar:/home/bonga/.m2/repository/io/micrometer/micrometer-commons/1.10.2/micrometer-commons-1.10.2.jar:/home/bonga/.m2/repository/io/micrometer/micrometer-core/1.10.2/micrometer-core-1.10.2.jar:/home/bonga/.m2/repository/org/hdrhistogram/HdrHistogram/2.1.12/HdrHistogram-2.1.12.jar:/home/bonga/.m2/repository/org/latencyutils/LatencyUtils/2.0.3/LatencyUtils-2.0.3.jar:/home/bonga/.m2/repository/org/springframework/boot/spring-boot-starter-web/3.0.2-SNAPSHOT/spring-boot-starter-web-3.0.2-SNAPSHOT.jar:/home/bonga/.m2/repository/org/springframework/boot/spring-boot-starter-json/3.0.2-SNAPSHOT/spring-boot-starter-json-3.0.2-SNAPSHOT.jar:/home/bonga/.m2/repository/com/fasterxml/jackson/datatype/jackson-datatype-jdk8/2.14.1/jackson-datatype-jdk8-2.14.1.jar:/home/bonga/.m2/repository/com/fasterxml/jackson/module/jackson-module-parameter-names/2.14.1/jackson-module-parameter-names-2.14.1.jar:/home/bonga/.m2/repository/org/springframework/boot/spring-boot-starter-tomcat/3.0.2-SNAPSHOT/spring-boot-starter-tomcat-3.0.2-SNAPSHOT.jar:/home/bonga/.m2/repository/org/apache/tomcat/embed/tomcat-embed-core/10.1.4/tomcat-embed-core-10.1.4.jar:/home/bonga/.m2/repository/org/apache/tomcat/embed/tomcat-embed-el/10.1.4/tomcat-embed-el-10.1.4.jar:/home/bonga/.m2/repository/org/apache/tomcat/embed/tomcat-embed-websocket/10.1.4/tomcat-embed-websocket-10.1.4.jar:/home/bonga/.m2/repository/org/springframework/spring-web/6.0.3/spring-web-6.0.3.jar:/home/bonga/.m2/repository/org/springframework/spring-beans/6.0.3/spring-beans-6.0.3.jar:/home/bonga/.m2/repository/org/springframework/spring-webmvc/6.0.3/spring-webmvc-6.0.3.jar:/home/bonga/.m2/repository/org/springframework/spring-aop/6.0.3/spring-aop-6.0.3.jar:/home/bonga/.m2/repository/org/springframework/spring-context/6.0.3/spring-context-6.0.3.jar:/home/bonga/.m2/repository/org/springframework/spring-expression/6.0.3/spring-expression-6.0.3.jar:/home/bonga/.m2/repository/de/codecentric/spring-boot-admin-starter-server/3.0.0-M4/spring-boot-admin-starter-server-3.0.0-M4.jar:/home/bonga/.m2/repository/de/codecentric/spring-boot-admin-server/3.0.0-M4/spring-boot-admin-server-3.0.0-M4.jar:/home/bonga/.m2/repository/org/springframework/boot/spring-boot-starter-webflux/3.0.2-SNAPSHOT/spring-boot-starter-webflux-3.0.2-SNAPSHOT.jar:/home/bonga/.m2/repository/org/springframework/boot/spring-boot-starter-reactor-netty/3.0.2-SNAPSHOT/spring-boot-starter-reactor-netty-3.0.2-SNAPSHOT.jar:/home/bonga/.m2/repository/io/projectreactor/netty/reactor-netty-http/1.1.1/reactor-netty-http-1.1.1.jar:/home/bonga/.m2/repository/io/netty/netty-codec-http/4.1.86.Final/netty-codec-http-4.1.86.Final.jar:/home/bonga/.m2/repository/io/netty/netty-common/4.1.86.Final/netty-common-4.1.86.Final.jar:/home/bonga/.m2/repository/io/netty/netty-buffer/4.1.86.Final/netty-buffer-4.1.86.Final.jar:/home/bonga/.m2/repository/io/netty/netty-transport/4.1.86.Final/netty-transport-4.1.86.Final.jar:/home/bonga/.m2/repository/io/netty/netty-codec/4.1.86.Final/netty-codec-4.1.86.Final.jar:/home/bonga/.m2/repository/io/netty/netty-handler/4.1.86.Final/netty-handler-4.1.86.Final.jar:/home/bonga/.m2/repository/io/netty/netty-codec-http2/4.1.86.Final/netty-codec-http2-4.1.86.Final.jar:/home/bonga/.m2/repository/io/netty/netty-resolver-dns/4.1.86.Final/netty-resolver-dns-4.1.86.Final.jar:/home/bonga/.m2/repository/io/netty/netty-resolver/4.1.86.Final/netty-resolver-4.1.86.Final.jar:/home/bonga/.m2/repository/io/netty/netty-codec-dns/4.1.86.Final/netty-codec-dns-4.1.86.Final.jar:/home/bonga/.m2/repository/io/netty/netty-resolver-dns-native-macos/4.1.86.Final/netty-resolver-dns-native-macos-4.1.86.Final-osx-x86_64.jar:/home/bonga/.m2/repository/io/netty/netty-resolver-dns-classes-macos/4.1.86.Final/netty-resolver-dns-classes-macos-4.1.86.Final.jar:/home/bonga/.m2/repository/io/netty/netty-transport-native-epoll/4.1.86.Final/netty-transport-native-epoll-4.1.86.Final-linux-x86_64.jar:/home/bonga/.m2/repository/io/netty/netty-transport-native-unix-common/4.1.86.Final/netty-transport-native-unix-common-4.1.86.Final.jar:/home/bonga/.m2/repository/io/netty/netty-transport-classes-epoll/4.1.86.Final/netty-transport-classes-epoll-4.1.86.Final.jar:/home/bonga/.m2/repository/io/projectreactor/netty/reactor-netty-core/1.1.1/reactor-netty-core-1.1.1.jar:/home/bonga/.m2/repository/io/netty/netty-handler-proxy/4.1.86.Final/netty-handler-proxy-4.1.86.Final.jar:/home/bonga/.m2/repository/io/netty/netty-codec-socks/4.1.86.Final/netty-codec-socks-4.1.86.Final.jar:/home/bonga/.m2/repository/org/springframework/spring-webflux/6.0.3/spring-webflux-6.0.3.jar:/home/bonga/.m2/repository/org/springframework/boot/spring-boot-starter-thymeleaf/3.0.2-SNAPSHOT/spring-boot-starter-thymeleaf-3.0.2-SNAPSHOT.jar:/home/bonga/.m2/repository/org/thymeleaf/thymeleaf-spring6/3.1.1.RELEASE/thymeleaf-spring6-3.1.1.RELEASE.jar:/home/bonga/.m2/repository/org/thymeleaf/thymeleaf/3.1.1.RELEASE/thymeleaf-3.1.1.RELEASE.jar:/home/bonga/.m2/repository/org/attoparser/attoparser/2.0.6.RELEASE/attoparser-2.0.6.RELEASE.jar:/home/bonga/.m2/repository/org/unbescape/unbescape/1.1.6.RELEASE/unbescape-1.1.6.RELEASE.jar:/home/bonga/.m2/repository/org/apache/httpcomponents/httpclient/4.5.14/httpclient-4.5.14.jar:/home/bonga/.m2/repository/org/apache/httpcomponents/httpcore/4.4.16/httpcore-4.4.16.jar:/home/bonga/.m2/repository/commons-codec/commons-codec/1.15/commons-codec-1.15.jar:/home/bonga/.m2/repository/io/projectreactor/addons/reactor-extra/3.5.0/reactor-extra-3.5.0.jar:/home/bonga/.m2/repository/io/projectreactor/reactor-core/3.5.1/reactor-core-3.5.1.jar:/home/bonga/.m2/repository/org/reactivestreams/reactive-streams/1.0.4/reactive-streams-1.0.4.jar:/home/bonga/.m2/repository/org/jetbrains/annotations/23.1.0/annotations-23.1.0.jar:/home/bonga/.m2/repository/de/codecentric/spring-boot-admin-server-ui/3.0.0-M4/spring-boot-admin-server-ui-3.0.0-M4.jar:/home/bonga/.m2/repository/org/jolokia/jolokia-core/1.7.1/jolokia-core-1.7.1.jar:/home/bonga/.m2/repository/com/googlecode/json-simple/json-simple/1.1.1/json-simple-1.1.1.jar:/home/bonga/.m2/repository/de/codecentric/spring-boot-admin-server-cloud/3.0.0-M4/spring-boot-admin-server-cloud-3.0.0-M4.jar:/home/bonga/.m2/repository/org/springframework/cloud/spring-cloud-starter-kubernetes-all/1.1.9.RELEASE/spring-cloud-starter-kubernetes-all-1.1.9.RELEASE.jar:/home/bonga/.m2/repository/org/springframework/cloud/spring-cloud-kubernetes-core/1.1.9.RELEASE/spring-cloud-kubernetes-core-1.1.9.RELEASE.jar:/home/bonga/.m2/repository/io/fabric8/kubernetes-client/6.2.0/kubernetes-client-6.2.0.jar:/home/bonga/.m2/repository/io/fabric8/kubernetes-client-api/6.2.0/kubernetes-client-api-6.2.0.jar:/home/bonga/.m2/repository/io/fabric8/kubernetes-model-core/6.2.0/kubernetes-model-core-6.2.0.jar:/home/bonga/.m2/repository/io/fabric8/kubernetes-model-common/6.2.0/kubernetes-model-common-6.2.0.jar:/home/bonga/.m2/repository/io/fabric8/kubernetes-model-gatewayapi/6.2.0/kubernetes-model-gatewayapi-6.2.0.jar:/home/bonga/.m2/repository/io/fabric8/kubernetes-model-rbac/6.2.0/kubernetes-model-rbac-6.2.0.jar:/home/bonga/.m2/repository/io/fabric8/kubernetes-model-admissionregistration/6.2.0/kubernetes-model-admissionregistration-6.2.0.jar:/home/bonga/.m2/repository/io/fabric8/kubernetes-model-apps/6.2.0/kubernetes-model-apps-6.2.0.jar:/home/bonga/.m2/repository/io/fabric8/kubernetes-model-autoscaling/6.2.0/kubernetes-model-autoscaling-6.2.0.jar:/home/bonga/.m2/repository/io/fabric8/kubernetes-model-apiextensions/6.2.0/kubernetes-model-apiextensions-6.2.0.jar:/home/bonga/.m2/repository/io/fabric8/kubernetes-model-batch/6.2.0/kubernetes-model-batch-6.2.0.jar:/home/bonga/.m2/repository/io/fabric8/kubernetes-model-certificates/6.2.0/kubernetes-model-certificates-6.2.0.jar:/home/bonga/.m2/repository/io/fabric8/kubernetes-model-coordination/6.2.0/kubernetes-model-coordination-6.2.0.jar:/home/bonga/.m2/repository/io/fabric8/kubernetes-model-discovery/6.2.0/kubernetes-model-discovery-6.2.0.jar:/home/bonga/.m2/repository/io/fabric8/kubernetes-model-events/6.2.0/kubernetes-model-events-6.2.0.jar:/home/bonga/.m2/repository/io/fabric8/kubernetes-model-extensions/6.2.0/kubernetes-model-extensions-6.2.0.jar:/home/bonga/.m2/repository/io/fabric8/kubernetes-model-flowcontrol/6.2.0/kubernetes-model-flowcontrol-6.2.0.jar:/home/bonga/.m2/repository/io/fabric8/kubernetes-model-networking/6.2.0/kubernetes-model-networking-6.2.0.jar:/home/bonga/.m2/repository/io/fabric8/kubernetes-model-metrics/6.2.0/kubernetes-model-metrics-6.2.0.jar:/home/bonga/.m2/repository/io/fabric8/kubernetes-model-policy/6.2.0/kubernetes-model-policy-6.2.0.jar:/home/bonga/.m2/repository/io/fabric8/kubernetes-model-scheduling/6.2.0/kubernetes-model-scheduling-6.2.0.jar:/home/bonga/.m2/repository/io/fabric8/kubernetes-model-storageclass/6.2.0/kubernetes-model-storageclass-6.2.0.jar:/home/bonga/.m2/repository/io/fabric8/kubernetes-model-node/6.2.0/kubernetes-model-node-6.2.0.jar:/home/bonga/.m2/repository/com/fasterxml/jackson/dataformat/jackson-dataformat-yaml/2.14.1/jackson-dataformat-yaml-2.14.1.jar:/home/bonga/.m2/repository/io/fabric8/kubernetes-httpclient-okhttp/6.2.0/kubernetes-httpclient-okhttp-6.2.0.jar:/home/bonga/.m2/repository/com/squareup/okhttp3/okhttp/4.10.0/okhttp-4.10.0.jar:/home/bonga/.m2/repository/com/squareup/okio/okio-jvm/3.0.0/okio-jvm-3.0.0.jar:/home/bonga/.m2/repository/org/jetbrains/kotlin/kotlin-stdlib-common/1.7.22/kotlin-stdlib-common-1.7.22.jar:/home/bonga/.m2/repository/org/jetbrains/kotlin/kotlin-stdlib/1.7.22/kotlin-stdlib-1.7.22.jar:/home/bonga/.m2/repository/com/squareup/okhttp3/logging-interceptor/4.10.0/logging-interceptor-4.10.0.jar:/home/bonga/.m2/repository/org/jetbrains/kotlin/kotlin-stdlib-jdk8/1.7.22/kotlin-stdlib-jdk8-1.7.22.jar:/home/bonga/.m2/repository/org/jetbrains/kotlin/kotlin-stdlib-jdk7/1.7.22/kotlin-stdlib-jdk7-1.7.22.jar:/home/bonga/.m2/repository/io/fabric8/zjsonpatch/0.3.0/zjsonpatch-0.3.0.jar:/home/bonga/.m2/repository/org/springframework/cloud/spring-cloud-context/4.0.0/spring-cloud-context-4.0.0.jar:/home/bonga/.m2/repository/org/springframework/security/spring-security-crypto/6.0.1/spring-security-crypto-6.0.1.jar:/home/bonga/.m2/repository/org/springframework/cloud/spring-cloud-kubernetes-config/1.1.9.RELEASE/spring-cloud-kubernetes-config-1.1.9.RELEASE.jar:/home/bonga/.m2/repository/org/springframework/security/spring-security-rsa/1.0.11.RELEASE/spring-security-rsa-1.0.11.RELEASE.jar:/home/bonga/.m2/repository/org/bouncycastle/bcpkix-jdk15on/1.69/bcpkix-jdk15on-1.69.jar:/home/bonga/.m2/repository/org/bouncycastle/bcprov-jdk15on/1.69/bcprov-jdk15on-1.69.jar:/home/bonga/.m2/repository/org/bouncycastle/bcutil-jdk15on/1.69/bcutil-jdk15on-1.69.jar:/home/bonga/.m2/repository/org/springframework/cloud/spring-cloud-kubernetes-discovery/3.0.0/spring-cloud-kubernetes-discovery-3.0.0.jar:/home/bonga/.m2/repository/org/springframework/cloud/spring-cloud-commons/4.0.0/spring-cloud-commons-4.0.0.jar:/home/bonga/.m2/repository/org/springframework/cloud/spring-cloud-kubernetes-ribbon/1.1.9.RELEASE/spring-cloud-kubernetes-ribbon-1.1.9.RELEASE.jar:/home/bonga/.m2/repository/org/springframework/cloud/spring-cloud-kubernetes-loadbalancer/1.1.9.RELEASE/spring-cloud-kubernetes-loadbalancer-1.1.9.RELEASE.jar:/home/bonga/.m2/repository/org/springframework/cloud/spring-cloud-starter-loadbalancer/4.0.0/spring-cloud-starter-loadbalancer-4.0.0.jar:/home/bonga/.m2/repository/org/springframework/cloud/spring-cloud-starter/4.0.0/spring-cloud-starter-4.0.0.jar:/home/bonga/.m2/repository/org/springframework/cloud/spring-cloud-loadbalancer/4.0.0/spring-cloud-loadbalancer-4.0.0.jar:/home/bonga/.m2/repository/org/springframework/boot/spring-boot-starter-cache/3.0.2-SNAPSHOT/spring-boot-starter-cache-3.0.2-SNAPSHOT.jar:/home/bonga/.m2/repository/org/springframework/spring-context-support/6.0.3/spring-context-support-6.0.3.jar:/home/bonga/.m2/repository/com/stoyanr/evictor/1.0.0/evictor-1.0.0.jar:/home/bonga/.m2/repository/commons-lang/commons-lang/2.6/commons-lang-2.6.jar:/home/bonga/.m2/repository/org/springframework/cloud/spring-cloud-bindings/1.8.1/spring-cloud-bindings-1.8.1.jar:/home/bonga/.m2/repository/org/springframework/boot/spring-boot-starter-test/3.0.2-SNAPSHOT/spring-boot-starter-test-3.0.2-SNAPSHOT.jar:/home/bonga/.m2/repository/org/springframework/boot/spring-boot-test/3.0.2-SNAPSHOT/spring-boot-test-3.0.2-SNAPSHOT.jar:/home/bonga/.m2/repository/org/springframework/boot/spring-boot-test-autoconfigure/3.0.2-SNAPSHOT/spring-boot-test-autoconfigure-3.0.2-SNAPSHOT.jar:/home/bonga/.m2/repository/com/jayway/jsonpath/json-path/2.7.0/json-path-2.7.0.jar:/home/bonga/.m2/repository/net/minidev/json-smart/2.4.8/json-smart-2.4.8.jar:/home/bonga/.m2/repository/net/minidev/accessors-smart/2.4.8/accessors-smart-2.4.8.jar:/home/bonga/.m2/repository/org/ow2/asm/asm/9.1/asm-9.1.jar:/home/bonga/.m2/repository/org/slf4j/slf4j-api/2.0.6/slf4j-api-2.0.6.jar:/home/bonga/.m2/repository/jakarta/xml/bind/jakarta.xml.bind-api/4.0.0/jakarta.xml.bind-api-4.0.0.jar:/home/bonga/.m2/repository/jakarta/activation/jakarta.activation-api/2.1.0/jakarta.activation-api-2.1.0.jar:/home/bonga/.m2/repository/org/assertj/assertj-core/3.23.1/assertj-core-3.23.1.jar:/home/bonga/.m2/repository/net/bytebuddy/byte-buddy/1.12.20/byte-buddy-1.12.20.jar:/home/bonga/.m2/repository/org/hamcrest/hamcrest/2.2/hamcrest-2.2.jar:/home/bonga/.m2/repository/org/junit/jupiter/junit-jupiter/5.9.1/junit-jupiter-5.9.1.jar:/home/bonga/.m2/repository/org/junit/jupiter/junit-jupiter-api/5.9.1/junit-jupiter-api-5.9.1.jar:/home/bonga/.m2/repository/org/opentest4j/opentest4j/1.2.0/opentest4j-1.2.0.jar:/home/bonga/.m2/repository/org/junit/platform/junit-platform-commons/1.9.1/junit-platform-commons-1.9.1.jar:/home/bonga/.m2/repository/org/apiguardian/apiguardian-api/1.1.2/apiguardian-api-1.1.2.jar:/home/bonga/.m2/repository/org/junit/jupiter/junit-jupiter-params/5.9.1/junit-jupiter-params-5.9.1.jar:/home/bonga/.m2/repository/org/junit/jupiter/junit-jupiter-engine/5.9.1/junit-jupiter-engine-5.9.1.jar:/home/bonga/.m2/repository/org/junit/platform/junit-platform-engine/1.9.1/junit-platform-engine-1.9.1.jar:/home/bonga/.m2/repository/org/mockito/mockito-core/4.8.1/mockito-core-4.8.1.jar:/home/bonga/.m2/repository/net/bytebuddy/byte-buddy-agent/1.12.20/byte-buddy-agent-1.12.20.jar:/home/bonga/.m2/repository/org/objenesis/objenesis/3.2/objenesis-3.2.jar:/home/bonga/.m2/repository/org/mockito/mockito-junit-jupiter/4.8.1/mockito-junit-jupiter-4.8.1.jar:/home/bonga/.m2/repository/org/skyscreamer/jsonassert/1.5.1/jsonassert-1.5.1.jar:/home/bonga/.m2/repository/com/vaadin/external/google/android-json/0.0.20131108.vaadin1/android-json-0.0.20131108.vaadin1.jar:/home/bonga/.m2/repository/org/springframework/spring-core/6.0.3/spring-core-6.0.3.jar:/home/bonga/.m2/repository/org/springframework/spring-jcl/6.0.3/spring-jcl-6.0.3.jar:/home/bonga/.m2/repository/org/springframework/spring-test/6.0.3/spring-test-6.0.3.jar:/home/bonga/.m2/repository/org/xmlunit/xmlunit-core/2.9.0/xmlunit-core-2.9.0.jar:"/>
    <property name="java.vm.vendor" value="Red Hat, Inc."/>
    <property name="sun.arch.data.model" value="64"/>
    <property name="java.vendor.url" value="https://www.redhat.com/"/>
    <property name="os.name" value="Linux"/>
    <property name="java.vm.specification.version" value="17"/>
    <property name="sun.java.launcher" value="SUN_STANDARD"/>
    <property name="user.country" value="US"/>
    <property name="sun.boot.library.path" value="/usr/lib/jvm/java-17-openjdk-17.0.5.0.8-1.fc37.x86_64/lib"/>
    <property name="sun.java.command" value="/home/bonga/projects/springboot-sba/target/surefire/surefirebooter3806132006721375944.jar /home/bonga/projects/springboot-sba/target/surefire 2023-01-05T20-31-58_158-jvmRun1 surefire13408405749287151885tmp surefire_014853110773377348013tmp"/>
    <property name="jdk.debug" value="release"/>
    <property name="surefire.test.class.path" value="/home/bonga/projects/springboot-sba/target/test-classes:/home/bonga/projects/springboot-sba/target/classes:/home/bonga/.m2/repository/org/springframework/boot/spring-boot-starter-actuator/3.0.2-SNAPSHOT/spring-boot-starter-actuator-3.0.2-SNAPSHOT.jar:/home/bonga/.m2/repository/org/springframework/boot/spring-boot-starter/3.0.2-SNAPSHOT/spring-boot-starter-3.0.2-SNAPSHOT.jar:/home/bonga/.m2/repository/org/springframework/boot/spring-boot/3.0.2-SNAPSHOT/spring-boot-3.0.2-SNAPSHOT.jar:/home/bonga/.m2/repository/org/springframework/boot/spring-boot-autoconfigure/3.0.2-SNAPSHOT/spring-boot-autoconfigure-3.0.2-SNAPSHOT.jar:/home/bonga/.m2/repository/org/springframework/boot/spring-boot-starter-logging/3.0.2-SNAPSHOT/spring-boot-starter-logging-3.0.2-SNAPSHOT.jar:/home/bonga/.m2/repository/ch/qos/logback/logback-classic/1.4.5/logback-classic-1.4.5.jar:/home/bonga/.m2/repository/ch/qos/logback/logback-core/1.4.5/logback-core-1.4.5.jar:/home/bonga/.m2/repository/org/apache/logging/log4j/log4j-to-slf4j/2.19.0/log4j-to-slf4j-2.19.0.jar:/home/bonga/.m2/repository/org/apache/logging/log4j/log4j-api/2.19.0/log4j-api-2.19.0.jar:/home/bonga/.m2/repository/org/slf4j/jul-to-slf4j/2.0.6/jul-to-slf4j-2.0.6.jar:/home/bonga/.m2/repository/jakarta/annotation/jakarta.annotation-api/2.1.1/jakarta.annotation-api-2.1.1.jar:/home/bonga/.m2/repository/org/yaml/snakeyaml/1.33/snakeyaml-1.33.jar:/home/bonga/.m2/repository/org/springframework/boot/spring-boot-actuator-autoconfigure/3.0.2-SNAPSHOT/spring-boot-actuator-autoconfigure-3.0.2-SNAPSHOT.jar:/home/bonga/.m2/repository/org/springframework/boot/spring-boot-actuator/3.0.2-SNAPSHOT/spring-boot-actuator-3.0.2-SNAPSHOT.jar:/home/bonga/.m2/repository/com/fasterxml/jackson/core/jackson-databind/2.14.1/jackson-databind-2.14.1.jar:/home/bonga/.m2/repository/com/fasterxml/jackson/core/jackson-annotations/2.14.1/jackson-annotations-2.14.1.jar:/home/bonga/.m2/repository/com/fasterxml/jackson/core/jackson-core/2.14.1/jackson-core-2.14.1.jar:/home/bonga/.m2/repository/com/fasterxml/jackson/datatype/jackson-datatype-jsr310/2.14.1/jackson-datatype-jsr310-2.14.1.jar:/home/bonga/.m2/repository/io/micrometer/micrometer-observation/1.10.2/micrometer-observation-1.10.2.jar:/home/bonga/.m2/repository/io/micrometer/micrometer-commons/1.10.2/micrometer-commons-1.10.2.jar:/home/bonga/.m2/repository/io/micrometer/micrometer-core/1.10.2/micrometer-core-1.10.2.jar:/home/bonga/.m2/repository/org/hdrhistogram/HdrHistogram/2.1.12/HdrHistogram-2.1.12.jar:/home/bonga/.m2/repository/org/latencyutils/LatencyUtils/2.0.3/LatencyUtils-2.0.3.jar:/home/bonga/.m2/repository/org/springframework/boot/spring-boot-starter-web/3.0.2-SNAPSHOT/spring-boot-starter-web-3.0.2-SNAPSHOT.jar:/home/bonga/.m2/repository/org/springframework/boot/spring-boot-starter-json/3.0.2-SNAPSHOT/spring-boot-starter-json-3.0.2-SNAPSHOT.jar:/home/bonga/.m2/repository/com/fasterxml/jackson/datatype/jackson-datatype-jdk8/2.14.1/jackson-datatype-jdk8-2.14.1.jar:/home/bonga/.m2/repository/com/fasterxml/jackson/module/jackson-module-parameter-names/2.14.1/jackson-module-parameter-names-2.14.1.jar:/home/bonga/.m2/repository/org/springframework/boot/spring-boot-starter-tomcat/3.0.2-SNAPSHOT/spring-boot-starter-tomcat-3.0.2-SNAPSHOT.jar:/home/bonga/.m2/repository/org/apache/tomcat/embed/tomcat-embed-core/10.1.4/tomcat-embed-core-10.1.4.jar:/home/bonga/.m2/repository/org/apache/tomcat/embed/tomcat-embed-el/10.1.4/tomcat-embed-el-10.1.4.jar:/home/bonga/.m2/repository/org/apache/tomcat/embed/tomcat-embed-websocket/10.1.4/tomcat-embed-websocket-10.1.4.jar:/home/bonga/.m2/repository/org/springframework/spring-web/6.0.3/spring-web-6.0.3.jar:/home/bonga/.m2/repository/org/springframework/spring-beans/6.0.3/spring-beans-6.0.3.jar:/home/bonga/.m2/repository/org/springframework/spring-webmvc/6.0.3/spring-webmvc-6.0.3.jar:/home/bonga/.m2/repository/org/springframework/spring-aop/6.0.3/spring-aop-6.0.3.jar:/home/bonga/.m2/repository/org/springframework/spring-context/6.0.3/spring-context-6.0.3.jar:/home/bonga/.m2/repository/org/springframework/spring-expression/6.0.3/spring-expression-6.0.3.jar:/home/bonga/.m2/repository/de/codecentric/spring-boot-admin-starter-server/3.0.0-M4/spring-boot-admin-starter-server-3.0.0-M4.jar:/home/bonga/.m2/repository/de/codecentric/spring-boot-admin-server/3.0.0-M4/spring-boot-admin-server-3.0.0-M4.jar:/home/bonga/.m2/repository/org/springframework/boot/spring-boot-starter-webflux/3.0.2-SNAPSHOT/spring-boot-starter-webflux-3.0.2-SNAPSHOT.jar:/home/bonga/.m2/repository/org/springframework/boot/spring-boot-starter-reactor-netty/3.0.2-SNAPSHOT/spring-boot-starter-reactor-netty-3.0.2-SNAPSHOT.jar:/home/bonga/.m2/repository/io/projectreactor/netty/reactor-netty-http/1.1.1/reactor-netty-http-1.1.1.jar:/home/bonga/.m2/repository/io/netty/netty-codec-http/4.1.86.Final/netty-codec-http-4.1.86.Final.jar:/home/bonga/.m2/repository/io/netty/netty-common/4.1.86.Final/netty-common-4.1.86.Final.jar:/home/bonga/.m2/repository/io/netty/netty-buffer/4.1.86.Final/netty-buffer-4.1.86.Final.jar:/home/bonga/.m2/repository/io/netty/netty-transport/4.1.86.Final/netty-transport-4.1.86.Final.jar:/home/bonga/.m2/repository/io/netty/netty-codec/4.1.86.Final/netty-codec-4.1.86.Final.jar:/home/bonga/.m2/repository/io/netty/netty-handler/4.1.86.Final/netty-handler-4.1.86.Final.jar:/home/bonga/.m2/repository/io/netty/netty-codec-http2/4.1.86.Final/netty-codec-http2-4.1.86.Final.jar:/home/bonga/.m2/repository/io/netty/netty-resolver-dns/4.1.86.Final/netty-resolver-dns-4.1.86.Final.jar:/home/bonga/.m2/repository/io/netty/netty-resolver/4.1.86.Final/netty-resolver-4.1.86.Final.jar:/home/bonga/.m2/repository/io/netty/netty-codec-dns/4.1.86.Final/netty-codec-dns-4.1.86.Final.jar:/home/bonga/.m2/repository/io/netty/netty-resolver-dns-native-macos/4.1.86.Final/netty-resolver-dns-native-macos-4.1.86.Final-osx-x86_64.jar:/home/bonga/.m2/repository/io/netty/netty-resolver-dns-classes-macos/4.1.86.Final/netty-resolver-dns-classes-macos-4.1.86.Final.jar:/home/bonga/.m2/repository/io/netty/netty-transport-native-epoll/4.1.86.Final/netty-transport-native-epoll-4.1.86.Final-linux-x86_64.jar:/home/bonga/.m2/repository/io/netty/netty-transport-native-unix-common/4.1.86.Final/netty-transport-native-unix-common-4.1.86.Final.jar:/home/bonga/.m2/repository/io/netty/netty-transport-classes-epoll/4.1.86.Final/netty-transport-classes-epoll-4.1.86.Final.jar:/home/bonga/.m2/repository/io/projectreactor/netty/reactor-netty-core/1.1.1/reactor-netty-core-1.1.1.jar:/home/bonga/.m2/repository/io/netty/netty-handler-proxy/4.1.86.Final/netty-handler-proxy-4.1.86.Final.jar:/home/bonga/.m2/repository/io/netty/netty-codec-socks/4.1.86.Final/netty-codec-socks-4.1.86.Final.jar:/home/bonga/.m2/repository/org/springframework/spring-webflux/6.0.3/spring-webflux-6.0.3.jar:/home/bonga/.m2/repository/org/springframework/boot/spring-boot-starter-thymeleaf/3.0.2-SNAPSHOT/spring-boot-starter-thymeleaf-3.0.2-SNAPSHOT.jar:/home/bonga/.m2/repository/org/thymeleaf/thymeleaf-spring6/3.1.1.RELEASE/thymeleaf-spring6-3.1.1.RELEASE.jar:/home/bonga/.m2/repository/org/thymeleaf/thymeleaf/3.1.1.RELEASE/thymeleaf-3.1.1.RELEASE.jar:/home/bonga/.m2/repository/org/attoparser/attoparser/2.0.6.RELEASE/attoparser-2.0.6.RELEASE.jar:/home/bonga/.m2/repository/org/unbescape/unbescape/1.1.6.RELEASE/unbescape-1.1.6.RELEASE.jar:/home/bonga/.m2/repository/org/apache/httpcomponents/httpclient/4.5.14/httpclient-4.5.14.jar:/home/bonga/.m2/repository/org/apache/httpcomponents/httpcore/4.4.16/httpcore-4.4.16.jar:/home/bonga/.m2/repository/commons-codec/commons-codec/1.15/commons-codec-1.15.jar:/home/bonga/.m2/repository/io/projectreactor/addons/reactor-extra/3.5.0/reactor-extra-3.5.0.jar:/home/bonga/.m2/repository/io/projectreactor/reactor-core/3.5.1/reactor-core-3.5.1.jar:/home/bonga/.m2/repository/org/reactivestreams/reactive-streams/1.0.4/reactive-streams-1.0.4.jar:/home/bonga/.m2/repository/org/jetbrains/annotations/23.1.0/annotations-23.1.0.jar:/home/bonga/.m2/repository/de/codecentric/spring-boot-admin-server-ui/3.0.0-M4/spring-boot-admin-server-ui-3.0.0-M4.jar:/home/bonga/.m2/repository/org/jolokia/jolokia-core/1.7.1/jolokia-core-1.7.1.jar:/home/bonga/.m2/repository/com/googlecode/json-simple/json-simple/1.1.1/json-simple-1.1.1.jar:/home/bonga/.m2/repository/de/codecentric/spring-boot-admin-server-cloud/3.0.0-M4/spring-boot-admin-server-cloud-3.0.0-M4.jar:/home/bonga/.m2/repository/org/springframework/cloud/spring-cloud-starter-kubernetes-all/1.1.9.RELEASE/spring-cloud-starter-kubernetes-all-1.1.9.RELEASE.jar:/home/bonga/.m2/repository/org/springframework/cloud/spring-cloud-kubernetes-core/1.1.9.RELEASE/spring-cloud-kubernetes-core-1.1.9.RELEASE.jar:/home/bonga/.m2/repository/io/fabric8/kubernetes-client/6.2.0/kubernetes-client-6.2.0.jar:/home/bonga/.m2/repository/io/fabric8/kubernetes-client-api/6.2.0/kubernetes-client-api-6.2.0.jar:/home/bonga/.m2/repository/io/fabric8/kubernetes-model-core/6.2.0/kubernetes-model-core-6.2.0.jar:/home/bonga/.m2/repository/io/fabric8/kubernetes-model-common/6.2.0/kubernetes-model-common-6.2.0.jar:/home/bonga/.m2/repository/io/fabric8/kubernetes-model-gatewayapi/6.2.0/kubernetes-model-gatewayapi-6.2.0.jar:/home/bonga/.m2/repository/io/fabric8/kubernetes-model-rbac/6.2.0/kubernetes-model-rbac-6.2.0.jar:/home/bonga/.m2/repository/io/fabric8/kubernetes-model-admissionregistration/6.2.0/kubernetes-model-admissionregistration-6.2.0.jar:/home/bonga/.m2/repository/io/fabric8/kubernetes-model-apps/6.2.0/kubernetes-model-apps-6.2.0.jar:/home/bonga/.m2/repository/io/fabric8/kubernetes-model-autoscaling/6.2.0/kubernetes-model-autoscaling-6.2.0.jar:/home/bonga/.m2/repository/io/fabric8/kubernetes-model-apiextensions/6.2.0/kubernetes-model-apiextensions-6.2.0.jar:/home/bonga/.m2/repository/io/fabric8/kubernetes-model-batch/6.2.0/kubernetes-model-batch-6.2.0.jar:/home/bonga/.m2/repository/io/fabric8/kubernetes-model-certificates/6.2.0/kubernetes-model-certificates-6.2.0.jar:/home/bonga/.m2/repository/io/fabric8/kubernetes-model-coordination/6.2.0/kubernetes-model-coordination-6.2.0.jar:/home/bonga/.m2/repository/io/fabric8/kubernetes-model-discovery/6.2.0/kubernetes-model-discovery-6.2.0.jar:/home/bonga/.m2/repository/io/fabric8/kubernetes-model-events/6.2.0/kubernetes-model-events-6.2.0.jar:/home/bonga/.m2/repository/io/fabric8/kubernetes-model-extensions/6.2.0/kubernetes-model-extensions-6.2.0.jar:/home/bonga/.m2/repository/io/fabric8/kubernetes-model-flowcontrol/6.2.0/kubernetes-model-flowcontrol-6.2.0.jar:/home/bonga/.m2/repository/io/fabric8/kubernetes-model-networking/6.2.0/kubernetes-model-networking-6.2.0.jar:/home/bonga/.m2/repository/io/fabric8/kubernetes-model-metrics/6.2.0/kubernetes-model-metrics-6.2.0.jar:/home/bonga/.m2/repository/io/fabric8/kubernetes-model-policy/6.2.0/kubernetes-model-policy-6.2.0.jar:/home/bonga/.m2/repository/io/fabric8/kubernetes-model-scheduling/6.2.0/kubernetes-model-scheduling-6.2.0.jar:/home/bonga/.m2/repository/io/fabric8/kubernetes-model-storageclass/6.2.0/kubernetes-model-storageclass-6.2.0.jar:/home/bonga/.m2/repository/io/fabric8/kubernetes-model-node/6.2.0/kubernetes-model-node-6.2.0.jar:/home/bonga/.m2/repository/com/fasterxml/jackson/dataformat/jackson-dataformat-yaml/2.14.1/jackson-dataformat-yaml-2.14.1.jar:/home/bonga/.m2/repository/io/fabric8/kubernetes-httpclient-okhttp/6.2.0/kubernetes-httpclient-okhttp-6.2.0.jar:/home/bonga/.m2/repository/com/squareup/okhttp3/okhttp/4.10.0/okhttp-4.10.0.jar:/home/bonga/.m2/repository/com/squareup/okio/okio-jvm/3.0.0/okio-jvm-3.0.0.jar:/home/bonga/.m2/repository/org/jetbrains/kotlin/kotlin-stdlib-common/1.7.22/kotlin-stdlib-common-1.7.22.jar:/home/bonga/.m2/repository/org/jetbrains/kotlin/kotlin-stdlib/1.7.22/kotlin-stdlib-1.7.22.jar:/home/bonga/.m2/repository/com/squareup/okhttp3/logging-interceptor/4.10.0/logging-interceptor-4.10.0.jar:/home/bonga/.m2/repository/org/jetbrains/kotlin/kotlin-stdlib-jdk8/1.7.22/kotlin-stdlib-jdk8-1.7.22.jar:/home/bonga/.m2/repository/org/jetbrains/kotlin/kotlin-stdlib-jdk7/1.7.22/kotlin-stdlib-jdk7-1.7.22.jar:/home/bonga/.m2/repository/io/fabric8/zjsonpatch/0.3.0/zjsonpatch-0.3.0.jar:/home/bonga/.m2/repository/org/springframework/cloud/spring-cloud-context/4.0.0/spring-cloud-context-4.0.0.jar:/home/bonga/.m2/repository/org/springframework/security/spring-security-crypto/6.0.1/spring-security-crypto-6.0.1.jar:/home/bonga/.m2/repository/org/springframework/cloud/spring-cloud-kubernetes-config/1.1.9.RELEASE/spring-cloud-kubernetes-config-1.1.9.RELEASE.jar:/home/bonga/.m2/repository/org/springframework/security/spring-security-rsa/1.0.11.RELEASE/spring-security-rsa-1.0.11.RELEASE.jar:/home/bonga/.m2/repository/org/bouncycastle/bcpkix-jdk15on/1.69/bcpkix-jdk15on-1.69.jar:/home/bonga/.m2/repository/org/bouncycastle/bcprov-jdk15on/1.69/bcprov-jdk15on-1.69.jar:/home/bonga/.m2/repository/org/bouncycastle/bcutil-jdk15on/1.69/bcutil-jdk15on-1.69.jar:/home/bonga/.m2/repository/org/springframework/cloud/spring-cloud-kubernetes-discovery/3.0.0/spring-cloud-kubernetes-discovery-3.0.0.jar:/home/bonga/.m2/repository/org/springframework/cloud/spring-cloud-commons/4.0.0/spring-cloud-commons-4.0.0.jar:/home/bonga/.m2/repository/org/springframework/cloud/spring-cloud-kubernetes-ribbon/1.1.9.RELEASE/spring-cloud-kubernetes-ribbon-1.1.9.RELEASE.jar:/home/bonga/.m2/repository/org/springframework/cloud/spring-cloud-kubernetes-loadbalancer/1.1.9.RELEASE/spring-cloud-kubernetes-loadbalancer-1.1.9.RELEASE.jar:/home/bonga/.m2/repository/org/springframework/cloud/spring-cloud-starter-loadbalancer/4.0.0/spring-cloud-starter-loadbalancer-4.0.0.jar:/home/bonga/.m2/repository/org/springframework/cloud/spring-cloud-starter/4.0.0/spring-cloud-starter-4.0.0.jar:/home/bonga/.m2/repository/org/springframework/cloud/spring-cloud-loadbalancer/4.0.0/spring-cloud-loadbalancer-4.0.0.jar:/home/bonga/.m2/repository/org/springframework/boot/spring-boot-starter-cache/3.0.2-SNAPSHOT/spring-boot-starter-cache-3.0.2-SNAPSHOT.jar:/home/bonga/.m2/repository/org/springframework/spring-context-support/6.0.3/spring-context-support-6.0.3.jar:/home/bonga/.m2/repository/com/stoyanr/evictor/1.0.0/evictor-1.0.0.jar:/home/bonga/.m2/repository/commons-lang/commons-lang/2.6/commons-lang-2.6.jar:/home/bonga/.m2/repository/org/springframework/cloud/spring-cloud-bindings/1.8.1/spring-cloud-bindings-1.8.1.jar:/home/bonga/.m2/repository/org/springframework/boot/spring-boot-starter-test/3.0.2-SNAPSHOT/spring-boot-starter-test-3.0.2-SNAPSHOT.jar:/home/bonga/.m2/repository/org/springframework/boot/spring-boot-test/3.0.2-SNAPSHOT/spring-boot-test-3.0.2-SNAPSHOT.jar:/home/bonga/.m2/repository/org/springframework/boot/spring-boot-test-autoconfigure/3.0.2-SNAPSHOT/spring-boot-test-autoconfigure-3.0.2-SNAPSHOT.jar:/home/bonga/.m2/repository/com/jayway/jsonpath/json-path/2.7.0/json-path-2.7.0.jar:/home/bonga/.m2/repository/net/minidev/json-smart/2.4.8/json-smart-2.4.8.jar:/home/bonga/.m2/repository/net/minidev/accessors-smart/2.4.8/accessors-smart-2.4.8.jar:/home/bonga/.m2/repository/org/ow2/asm/asm/9.1/asm-9.1.jar:/home/bonga/.m2/repository/org/slf4j/slf4j-api/2.0.6/slf4j-api-2.0.6.jar:/home/bonga/.m2/repository/jakarta/xml/bind/jakarta.xml.bind-api/4.0.0/jakarta.xml.bind-api-4.0.0.jar:/home/bonga/.m2/repository/jakarta/activation/jakarta.activation-api/2.1.0/jakarta.activation-api-2.1.0.jar:/home/bonga/.m2/repository/org/assertj/assertj-core/3.23.1/assertj-core-3.23.1.jar:/home/bonga/.m2/repository/net/bytebuddy/byte-buddy/1.12.20/byte-buddy-1.12.20.jar:/home/bonga/.m2/repository/org/hamcrest/hamcrest/2.2/hamcrest-2.2.jar:/home/bonga/.m2/repository/org/junit/jupiter/junit-jupiter/5.9.1/junit-jupiter-5.9.1.jar:/home/bonga/.m2/repository/org/junit/jupiter/junit-jupiter-api/5.9.1/junit-jupiter-api-5.9.1.jar:/home/bonga/.m2/repository/org/opentest4j/opentest4j/1.2.0/opentest4j-1.2.0.jar:/home/bonga/.m2/repository/org/junit/platform/junit-platform-commons/1.9.1/junit-platform-commons-1.9.1.jar:/home/bonga/.m2/repository/org/apiguardian/apiguardian-api/1.1.2/apiguardian-api-1.1.2.jar:/home/bonga/.m2/repository/org/junit/jupiter/junit-jupiter-params/5.9.1/junit-jupiter-params-5.9.1.jar:/home/bonga/.m2/repository/org/junit/jupiter/junit-jupiter-engine/5.9.1/junit-jupiter-engine-5.9.1.jar:/home/bonga/.m2/repository/org/junit/platform/junit-platform-engine/1.9.1/junit-platform-engine-1.9.1.jar:/home/bonga/.m2/repository/org/mockito/mockito-core/4.8.1/mockito-core-4.8.1.jar:/home/bonga/.m2/repository/net/bytebuddy/byte-buddy-agent/1.12.20/byte-buddy-agent-1.12.20.jar:/home/bonga/.m2/repository/org/objenesis/objenesis/3.2/objenesis-3.2.jar:/home/bonga/.m2/repository/org/mockito/mockito-junit-jupiter/4.8.1/mockito-junit-jupiter-4.8.1.jar:/home/bonga/.m2/repository/org/skyscreamer/jsonassert/1.5.1/jsonassert-1.5.1.jar:/home/bonga/.m2/repository/com/vaadin/external/google/android-json/0.0.20131108.vaadin1/android-json-0.0.20131108.vaadin1.jar:/home/bonga/.m2/repository/org/springframework/spring-core/6.0.3/spring-core-6.0.3.jar:/home/bonga/.m2/repository/org/springframework/spring-jcl/6.0.3/spring-jcl-6.0.3.jar:/home/bonga/.m2/repository/org/springframework/spring-test/6.0.3/spring-test-6.0.3.jar:/home/bonga/.m2/repository/org/xmlunit/xmlunit-core/2.9.0/xmlunit-core-2.9.0.jar:"/>
    <property name="sun.cpu.endian" value="little"/>
    <property name="user.home" value="/home/bonga"/>
    <property name="user.language" value="en"/>
    <property name="java.specification.vendor" value="Oracle Corporation"/>
    <property name="java.version.date" value="2022-10-18"/>
    <property name="java.home" value="/usr/lib/jvm/java-17-openjdk-17.0.5.0.8-1.fc37.x86_64"/>
    <property name="file.separator" value="/"/>
    <property name="basedir" value="/home/bonga/projects/springboot-sba"/>
    <property name="java.vm.compressedOopsMode" value="Zero based"/>
    <property name="line.separator" value="&#10;"/>
    <property name="java.vm.specification.vendor" value="Oracle Corporation"/>
    <property name="java.specification.name" value="Java Platform API Specification"/>
    <property name="surefire.real.class.path" value="/home/bonga/projects/springboot-sba/target/surefire/surefirebooter3806132006721375944.jar"/>
    <property name="sun.management.compiler" value="HotSpot 64-Bit Tiered Compilers"/>
    <property name="java.runtime.version" value="17.0.5+8"/>
    <property name="user.name" value="bonga"/>
    <property name="path.separator" value=":"/>
    <property name="os.version" value="6.0.15-300.fc37.x86_64"/>
    <property name="java.runtime.name" value="OpenJDK Runtime Environment"/>
    <property name="file.encoding" value="UTF-8"/>
    <property name="java.vm.name" value="OpenJDK 64-Bit Server VM"/>
    <property name="java.vendor.version" value="(Red_Hat-17.0.5.0.8-1.fc37)"/>
    <property name="localRepository" value="/home/bonga/.m2/repository"/>
    <property name="java.vendor.url.bug" value="https://bugzilla.redhat.com/enter_bug.cgi?product=Fedora&amp;component=java-17-openjdk&amp;version=37"/>
    <property name="java.io.tmpdir" value="/tmp"/>
    <property name="java.version" value="17.0.5"/>
    <property name="user.dir" value="/home/bonga/projects/springboot-sba"/>
    <property name="os.arch" value="amd64"/>
    <property name="java.vm.specification.name" value="Java Virtual Machine Specification"/>
    <property name="native.encoding" value="UTF-8"/>
    <property name="java.library.path" value="/usr/java/packages/lib:/usr/lib64:/lib64:/lib:/usr/lib"/>
    <property name="java.vm.info" value="mixed mode, sharing"/>
    <property name="java.vendor" value="Red Hat, Inc."/>
    <property name="java.vm.version" value="17.0.5+8"/>
    <property name="sun.io.unicode.encoding" value="UnicodeLittle"/>
    <property name="java.class.version" value="61.0"/>
  </properties>
  <testcase name="contextLoads" classname="com.example.springbootsba.SpringbootSbaApplicationTests" time="0.907"/>
</testsuite>